2024-08-23 18:45:34,041 - app.logger - INFO - username: bruno, password: 1234
2024-08-23 18:45:34,239 - app.logger - INFO - token: eyJhbGciOiJIUzI1NiIsInR5cCI6IkpXVCJ9.eyJ1c2VyX2lkIjoxLCJleHAiOjE3MjQ0NDA1MzR9.fGuxgmg81T1WTXzE8RmnhELGYAjwitvlGq41nIz39gU
2024-08-23 18:56:22,664 - app.logger - INFO - username: newbe, password: 1234
2024-08-23 18:56:22,835 - app.logger - INFO - token: eyJhbGciOiJIUzI1NiIsInR5cCI6IkpXVCJ9.eyJ1c2VyX2lkIjoyLCJleHAiOjE3MjQ0NDExODJ9.db6oBLbis1SY05_UT9O6rPo_Giv4X0DZJT8WVYBaWgI
2024-08-23 22:49:49,741 - app.logger - INFO - username: newUSER, password: password123
2024-08-23 22:49:49,918 - app.logger - INFO - token: eyJhbGciOiJIUzI1NiIsInR5cCI6IkpXVCJ9.eyJ1c2VyX2lkIjozLCJleHAiOjE3MjQ0NTUxODl9.FrGXjxG-hYFj2wYHRCbBgx_wtoM_7jgHxUV_0GGE7gc
2024-08-23 22:53:36,778 - app.logger - INFO - username: user1, password: password123
2024-08-23 22:53:36,931 - app.logger - INFO - token: eyJhbGciOiJIUzI1NiIsInR5cCI6IkpXVCJ9.eyJ1c2VyX2lkIjo0LCJleHAiOjE3MjQ0NTU0MTZ9.IwxzfK4c6IQA_BOZyeOdvrDOkGL0n-3gESgOIf7vOVM
2024-08-24 21:11:27,255 - app.logger - INFO - username: user1, password: password123
2024-08-24 21:11:54,883 - app.logger - INFO - username: userh, password: password123
2024-08-24 21:11:55,090 - app.logger - INFO - token: eyJhbGciOiJIUzI1NiIsInR5cCI6IkpXVCJ9.eyJ1c2VyX2lkIjo1LCJleHAiOjE3MjQ1MzU3MTV9.F_orqgJO9PQYFfz1ZxeSMrCq30T3KtiW0qFvXQWaC-I
2024-08-24 22:09:54,851 - app.logger - INFO - username: user8, password: pass
2024-08-24 22:09:54,993 - app.logger - INFO - token: eyJhbGciOiJIUzI1NiIsInR5cCI6IkpXVCJ9.eyJ1c2VyX2lkIjo2LCJleHAiOjE3MjQ1MzkxOTR9.QKxcx_Dqyhg66AJppQHwI3tLoR4XipkXVaTUurDgOrs
2024-08-24 22:10:38,306 - app.logger - INFO - username: guy, password: pass
2024-08-24 22:10:38,503 - app.logger - INFO - token: eyJhbGciOiJIUzI1NiIsInR5cCI6IkpXVCJ9.eyJ1c2VyX2lkIjo3LCJleHAiOjE3MjQ1MzkyMzh9.VEFJk0R_KeQpYZndL3jR8ASmddi8NCirc2CdNv-81cQ
2024-08-24 22:19:00,575 - app.logger - INFO - username: user437, password: password123
2024-08-24 22:19:00,726 - app.logger - INFO - token: eyJhbGciOiJIUzI1NiIsInR5cCI6IkpXVCJ9.eyJ1c2VyX2lkIjo4LCJleHAiOjE3MjQ1Mzk3NDB9._pgMTOz3BFkck7eDWzlA_7km5ziSlHWcxhhKDP1hp6s
2024-08-24 22:19:01,910 - app.logger - INFO - username: user437, password: password123
2024-08-24 22:19:14,584 - app.logger - INFO - username: user43r7, password: passwofd123
2024-08-24 22:19:14,775 - app.logger - INFO - token: eyJhbGciOiJIUzI1NiIsInR5cCI6IkpXVCJ9.eyJ1c2VyX2lkIjo5LCJleHAiOjE3MjQ1Mzk3NTR9.vGqeAO7pjjTYOgYZ23POnY0W_naez9l65fPwQBBD-fs
2024-08-24 22:22:28,642 - app.logger - INFO - username: user1, password: password123
2024-08-24 23:23:56,241 - app.logger - INFO - response: {'agreement': 'AGREEMENT', 'confidence': '100', 'irony': 'NONIRONIC', 'model': 'general_en', 'score_tag': 'P', 'sentence_list': [{'agreement': 'AGREEMENT', 'bop': 'y', 'confidence': '100', 'endp': '18', 'inip': '0', 'score_tag': 'P', 'segment_list': [{'agreement': 'AGREEMENT', 'confidence': '100', 'endp': '18', 'inip': '0', 'polarity_term_list': [{'confidence': '100', 'endp': '18', 'inip': '12', 'score_tag': 'P', 'sentimented_concept_list': [{'endp': '7', 'form': 'food', 'id': '771eeaec8b', 'inip': '4', 'score_tag': 'P', 'type': 'Top>Product>Food', 'variant': 'food'}], 'text': 'amazing'}], 'score_tag': 'P', 'segment_type': 'main', 'text': 'The food is amazing'}], 'sentimented_concept_list': [{'form': 'food', 'id': '771eeaec8b', 'score_tag': 'P', 'type': 'Top>Product>Food'}], 'sentimented_entity_list': [], 'text': 'The food is amazing'}], 'sentimented_concept_list': [{'form': 'food', 'id': '771eeaec8b', 'score_tag': 'P', 'type': 'Top>Product>Food'}], 'sentimented_entity_list': [], 'status': {'code': '0', 'msg': 'OK', 'credits': '1', 'remaining_credits': '92'}, 'subjectivity': 'SUBJECTIVE'}
2024-08-25 00:21:57,921 - app.logger - INFO - username: Roi, password: 23
2024-08-25 00:21:58,371 - app.logger - INFO - token: eyJhbGciOiJIUzI1NiIsInR5cCI6IkpXVCJ9.eyJ1c2VyX2lkIjoxMCwiZXhwIjoxNzI0NTQ3MTE4fQ.rkDp-bCl6selO8-wqXKBZnrP3R3TvSZ--Pg0OWl33Fc
2024-08-25 00:28:09,415 - app.logger - INFO - username: KingSahar, password: 1234
2024-08-25 00:28:09,577 - app.logger - INFO - token: eyJhbGciOiJIUzI1NiIsInR5cCI6IkpXVCJ9.eyJ1c2VyX2lkIjoxMSwiZXhwIjoxNzI0NTQ3NDg5fQ.eofSWoh2VfQyeX6ZC0qGliEMSlYcBQimjjH9Aa1JS0w
